{"level":"error","message":"An error occurred while trying to insert a new user: MongoServerError: E11000 duplicate key error collection: test.users index: _id_ dup key: { _id: 123123 }","service":"user-service"}
{"level":"error","message":"An error occurred while trying to insert a new user: MongoServerError: E11000 duplicate key error collection: test.users index: _id_ dup key: { _id: 123123 }","service":"user-service"}
{"level":"error","message":"An error occurred while trying to insert a new user: MongoServerError: E11000 duplicate key error collection: test.users index: _id_ dup key: { _id: 123123 }","service":"user-service"}
{"level":"error","message":"test.get is not a function","service":"user-service"}
{"level":"error","message":"An error occurred while trying to insert a new user: MongoServerError: E11000 duplicate key error collection: test.users index: _id_ dup key: { _id: 123123 }","service":"user-service"}
{"level":"error","message":"An error occurred while trying to insert a new user: MongoServerError: E11000 duplicate key error collection: test.users index: _id_ dup key: { _id: 123123 }","service":"user-service"}
{"level":"error","message":"Cannot read properties of undefined (reading 'info')","service":"user-service"}
{"level":"error","message":"An error occurred while trying to insert a new user: MongoServerError: E11000 duplicate key error collection: test.users index: _id_ dup key: { _id: 123123 }","service":"user-service"}
{"level":"error","message":"An error occurred while trying to insert a new user: MongoServerError: E11000 duplicate key error collection: test.users index: _id_ dup key: { _id: 123123 }","service":"user-service"}
{"level":"error","message":"An error occurred while trying to insert a new user: MongoServerError: E11000 duplicate key error collection: test.users index: _id_ dup key: { _id: 123123 }","service":"user-service"}
{"level":"error","message":"An error occurred while trying to insert a new user: MongoServerError: E11000 duplicate key error collection: test.users index: _id_ dup key: { _id: 123123 }","service":"user-service"}
{"level":"error","message":"An error occurred while trying to insert a new user: MongoServerError: E11000 duplicate key error collection: test.users index: _id_ dup key: { _id: 123123 }","service":"user-service"}
{"level":"error","message":"An error occurred while trying to insert a new user: TypeError: Users.insertOne is not a function","service":"user-service"}
{"level":"error","message":"Not Found","service":"user-service"}
{"level":"error","message":"this is err : CastError: Cast to Number failed for value \"march\" (type string) at path \"year\" for model \"costs\"","service":"user-service"}
{"level":"error","message":"this is err : CastError: Cast to Number failed for value \"march\" (type string) at path \"year\" for model \"costs\"","service":"user-service"}
{"level":"error","message":"An error occurred while trying to insert a new user: TypeError: Users.insertOne is not a function","service":"user-service"}
{"level":"error","message":"dummyUser is not defined","service":"user-service"}
{"level":"error","message":"An error occurred while trying to insert a new user: TypeError: Users.insertOne is not a function","service":"user-service"}
{"level":"error","message":"Costs.insertOne is not a function","service":"user-service"}
{"level":"error","message":"An error occurred while trying to insert a new user: MongoServerError: E11000 duplicate key error collection: test.users index: _id_ dup key: { _id: 123123 }","service":"user-service"}
{"level":"error","message":"Costs.insertOne is not a function","service":"user-service"}
{"level":"error","message":"An error occurred while trying to insert a new user: MongoServerError: E11000 duplicate key error collection: test.users index: _id_ dup key: { _id: 123123 }","service":"user-service"}
{"level":"error","message":"An error occurred while trying to insert a new user: MongoServerError: E11000 duplicate key error collection: test.users index: _id_ dup key: { _id: 123123 }","service":"user-service"}
{"level":"error","message":"An error occurred while trying to insert a new user: MongoServerError: E11000 duplicate key error collection: test.users index: _id_ dup key: { _id: 123123 }","service":"user-service"}
{"level":"error","message":"An error occurred while trying to insert a new user: MongoServerError: E11000 duplicate key error collection: test.users index: _id_ dup key: { _id: 123123 }","service":"user-service"}
{"level":"error","message":"An error occurred while trying to insert a new user: MongoServerError: E11000 duplicate key error collection: test.users index: _id_ dup key: { _id: 123123 }","service":"user-service"}
{"level":"error","message":"An error occurred while trying to insert a new user: MongoServerError: E11000 duplicate key error collection: test.users index: _id_ dup key: { _id: 123123 }","service":"user-service"}
{"level":"error","message":"An error occurred while trying to insert a new user: MongoServerError: E11000 duplicate key error collection: test.users index: _id_ dup key: { _id: 123123 }","service":"user-service"}
{"level":"error","message":"An error occurred while trying to insert a new user: MongoServerError: E11000 duplicate key error collection: test.users index: _id_ dup key: { _id: 123123 }","service":"user-service"}
{"level":"error","message":"An error occurred while trying to insert a new user: MongoServerError: E11000 duplicate key error collection: test.users index: _id_ dup key: { _id: 123123 }","service":"user-service"}
{"level":"error","message":"An error occurred while trying to insert a new user: MongoServerError: E11000 duplicate key error collection: test.users index: _id_ dup key: { _id: 123123 }","service":"user-service"}
{"level":"error","message":"An error occurred while trying to insert a new user: MongoServerError: E11000 duplicate key error collection: test.users index: _id_ dup key: { _id: 123123 }","service":"user-service"}
{"level":"error","message":"An error occurred while trying to insert a new user: MongoServerError: E11000 duplicate key error collection: test.users index: _id_ dup key: { _id: 123123 }","service":"user-service"}
{"level":"error","message":"An error occurred while trying to insert a new user: MongoServerError: E11000 duplicate key error collection: test.users index: _id_ dup key: { _id: 123123 }","service":"user-service"}
{"level":"error","message":"Not Found","service":"user-service"}
{"level":"error","message":"An error occurred while trying to insert a new user: MongoServerError: E11000 duplicate key error collection: test.users index: _id_ dup key: { _id: 123123 }","service":"user-service"}
{"level":"error","message":"An error occurred while trying to insert a new user: ValidationError: _id: Cast to ObjectId failed for value \"123123\" (type number) at path \"_id\" because of \"BSONTypeError\"","service":"user-service"}
{"level":"error","message":"An error occurred while trying to insert a new user: ValidationError: _id: Cast to ObjectId failed for value \"123123\" (type number) at path \"_id\" because of \"BSONTypeError\"","service":"user-service"}
{"level":"error","message":"Costs.path is not a function","service":"user-service"}
{"level":"error","message":"An error occurred while trying to insert a new user: ValidationError: _id: Cast to ObjectId failed for value \"123123\" (type number) at path \"_id\" because of \"BSONTypeError\"","service":"user-service"}
{"level":"error","message":"An error occurred while trying to insert a new user: ValidationError: _id: Cast to ObjectId failed for value \"123123\" (type number) at path \"_id\" because of \"BSONTypeError\"","service":"user-service"}
{"level":"error","message":"Not Found","service":"user-service"}
{"level":"error","message":"An error occurred while trying to insert a new user: ValidationError: _id: Cast to ObjectId failed for value \"123123\" (type number) at path \"_id\" because of \"BSONTypeError\"","service":"user-service"}
{"level":"error","message":"An error occurred while trying to insert a new user: ValidationError: _id: Cast to ObjectId failed for value \"123123\" (type number) at path \"_id\" because of \"BSONTypeError\"","service":"user-service"}
{"level":"error","message":"An error occurred while trying to insert a new user: ValidationError: _id: Cast to ObjectId failed for value \"123123\" (type number) at path \"_id\" because of \"BSONTypeError\"","service":"user-service"}
{"level":"error","message":"An error occurred while trying to insert a new user: ValidationError: _id: Cast to ObjectId failed for value \"123123\" (type number) at path \"_id\" because of \"BSONTypeError\"","service":"user-service"}
{"level":"error","message":"An error occurred while trying to insert a new user: ValidationError: _id: Cast to ObjectId failed for value \"123123\" (type number) at path \"_id\" because of \"BSONTypeError\"","service":"user-service"}
{"level":"error","message":"An error occurred while trying to insert a new user: ValidationError: _id: Cast to ObjectId failed for value \"123123\" (type number) at path \"_id\" because of \"BSONTypeError\"","service":"user-service"}
{"level":"error","message":"An error occurred while trying to insert a new user: ValidationError: _id: Cast to ObjectId failed for value \"123123\" (type number) at path \"_id\" because of \"BSONTypeError\"","service":"user-service"}
{"level":"error","message":"An error occurred while trying to insert a new user: ValidationError: _id: Cast to ObjectId failed for value \"123123\" (type number) at path \"_id\" because of \"BSONTypeError\"","service":"user-service"}
{"level":"error","message":"An error occurred while trying to insert a new user: ValidationError: _id: Cast to ObjectId failed for value \"123123\" (type number) at path \"_id\" because of \"BSONTypeError\"","service":"user-service"}
{"level":"error","message":"An error occurred while trying to insert a new user: ValidationError: _id: Cast to ObjectId failed for value \"123123\" (type number) at path \"_id\" because of \"BSONTypeError\"","service":"user-service"}
{"level":"error","message":"An error occurred while trying to insert a new user: ValidationError: _id: Cast to ObjectId failed for value \"123123\" (type number) at path \"_id\" because of \"BSONTypeError\"","service":"user-service"}
{"level":"error","message":"An error occurred while trying to insert a new user: ValidationError: _id: Cast to ObjectId failed for value \"123123\" (type number) at path \"_id\" because of \"BSONTypeError\"","service":"user-service"}
{"level":"error","message":"An error occurred while trying to insert a new user: ValidationError: _id: Cast to ObjectId failed for value \"123123\" (type number) at path \"_id\" because of \"BSONTypeError\"","service":"user-service"}
{"level":"error","message":"An error occurred while trying to insert a new user: ValidationError: _id: Cast to ObjectId failed for value \"123123\" (type number) at path \"_id\" because of \"BSONTypeError\"","service":"user-service"}
{"level":"error","message":"An error occurred while trying to insert a new user: ValidationError: _id: Cast to ObjectId failed for value \"123123\" (type number) at path \"_id\" because of \"BSONTypeError\"","service":"user-service"}
{"level":"error","message":"An error occurred while trying to insert a new user: ValidationError: _id: Cast to ObjectId failed for value \"123123\" (type number) at path \"_id\" because of \"BSONTypeError\"","service":"user-service"}
{"level":"error","message":"An error occurred while trying to insert a new user: ValidationError: _id: Cast to ObjectId failed for value \"123123\" (type number) at path \"_id\" because of \"BSONTypeError\"","service":"user-service"}
{"level":"error","message":"An error occurred while trying to insert a new user: ValidationError: _id: Cast to ObjectId failed for value \"123123\" (type number) at path \"_id\" because of \"BSONTypeError\"","service":"user-service"}
{"level":"error","message":"winstonLogger is not defined","service":"user-service"}
{"level":"error","message":"An error occurred while trying to insert a new user: ValidationError: _id: Cast to ObjectId failed for value \"123123\" (type number) at path \"_id\" because of \"BSONTypeError\"","service":"user-service"}
{"level":"error","message":"An error occurred while trying to insert a new user: ValidationError: _id: Cast to ObjectId failed for value \"123123\" (type number) at path \"_id\" because of \"BSONTypeError\"","service":"user-service"}
{"level":"error","message":"An error occurred while trying to insert a new user: ValidationError: _id: Cast to ObjectId failed for value \"123123\" (type number) at path \"_id\" because of \"BSONTypeError\"","service":"user-service"}
{"level":"error","message":"An error occurred while trying to insert a new user: ValidationError: _id: Cast to ObjectId failed for value \"123123\" (type number) at path \"_id\" because of \"BSONTypeError\"","service":"user-service"}
{"level":"error","message":"An error occurred while trying to insert a new user: ValidationError: _id: Cast to ObjectId failed for value \"123123\" (type number) at path \"_id\" because of \"BSONTypeError\"","service":"user-service"}
{"level":"error","message":"An error occurred while trying to insert a new user: ValidationError: _id: Cast to ObjectId failed for value \"123123\" (type number) at path \"_id\" because of \"BSONTypeError\"","service":"user-service"}
